<?xml version="1.0" encoding="UTF-8"?>
<!-- Generated by org.testng.reporters.JUnitReportReporter -->
<testsuite hostname="ULTP_480" name="com.s3group.framework.tests.MyTest" tests="1" failures="0" timestamp="4 Jan 2017 19:05:08 GMT" time="32.075" errors="0">
  <testcase name="search_Login" time="32.075" classname="com.s3group.framework.tests.MyTest"/>
</testsuite> <!-- com.s3group.framework.tests.MyTest -->
